2018-05-03 13:22:31.757736 [36mI[0m [8625:puma 001] [36mAccess[0m -- 127.0.0.1 - - [03/May/2018:13:22:31 +0200] "GET / HTTP/1.1" 200 12 0.0208

2018-05-03 13:22:39.390185 [36mI[0m [8625:puma 001] [36mAccess[0m -- 127.0.0.1 - - [03/May/2018:13:22:39 +0200] "GET /cool HTTP/1.1" 404 493 0.0027

2018-05-03 13:22:39.467961 [36mI[0m [8625:puma 001] [36mAccess[0m -- 127.0.0.1 - - [03/May/2018:13:22:39 +0200] "GET /__sinatra__/404.png HTTP/1.1" 200 18893 0.0061

2018-05-03 14:07:32.647156 [36mI[0m [2519:puma 001] [36mAccess[0m -- 127.0.0.1 - - [03/May/2018:14:07:32 +0200] "GET / HTTP/1.1" 200 12 0.0150

2018-05-03 14:07:45.164642 [36mI[0m [2519:puma 001] [36mAccess[0m -- 178.165.129.155 - - [03/May/2018:14:07:45 +0200] "POST /sms/inbound HTTP/1.1" 200 - 2.1893

2018-05-03 15:05:22.327470 [31mE[0m [2519:puma 001 logger.rb:12] [31mError[0m -- 2018-05-03 15:05:22 - ArgumentError - wrong number of arguments (given 0, expected 1):
	/home/julian/.rvm/gems/ruby-2.5.1@forwarder/gems/sinatra-logger-0.3.2/lib/sinatra/logger.rb:26:in `logger'
	/home/julian/.rvm/gems/ruby-2.5.1@forwarder/gems/sinatra-contrib-2.0.1/lib/sinatra/config_file.rb:132:in `block (3 levels) in config_file'
	/home/julian/.rvm/gems/ruby-2.5.1@forwarder/gems/sinatra-contrib-2.0.1/lib/sinatra/config_file.rb:130:in `glob'
	/home/julian/.rvm/gems/ruby-2.5.1@forwarder/gems/sinatra-contrib-2.0.1/lib/sinatra/config_file.rb:130:in `block (2 levels) in config_file'
	/home/julian/.rvm/gems/ruby-2.5.1@forwarder/gems/sinatra-contrib-2.0.1/lib/sinatra/config_file.rb:129:in `each'
	/home/julian/.rvm/gems/ruby-2.5.1@forwarder/gems/sinatra-contrib-2.0.1/lib/sinatra/config_file.rb:129:in `block in config_file'
	/home/julian/.rvm/gems/ruby-2.5.1@forwarder/gems/sinatra-contrib-2.0.1/lib/sinatra/config_file.rb:128:in `chdir'
	/home/julian/.rvm/gems/ruby-2.5.1@forwarder/gems/sinatra-contrib-2.0.1/lib/sinatra/config_file.rb:128:in `config_file'
	/home/julian/Development/forwarder/app.rb:22:in `<class:App>'
	/home/julian/Development/forwarder/app.rb:15:in `<top (required)>'
	/home/julian/.rvm/gems/ruby-2.5.1@forwarder/gems/activesupport-5.1.5/lib/active_support/dependencies.rb:292:in `require'
	/home/julian/.rvm/gems/ruby-2.5.1@forwarder/gems/activesupport-5.1.5/lib/active_support/dependencies.rb:292:in `block in require'
	/home/julian/.rvm/gems/ruby-2.5.1@forwarder/gems/activesupport-5.1.5/lib/active_support/dependencies.rb:258:in `load_dependency'
	/home/julian/.rvm/gems/ruby-2.5.1@forwarder/gems/activesupport-5.1.5/lib/active_support/dependencies.rb:292:in `require'
	/home/julian/.rvm/gems/ruby-2.5.1@forwarder/gems/sinatra-contrib-2.0.1/lib/sinatra/reloader.rb:249:in `block in perform'
	/home/julian/.rvm/gems/ruby-2.5.1@forwarder/gems/sinatra-contrib-2.0.1/lib/sinatra/reloader.rb:245:in `each'
	/home/julian/.rvm/gems/ruby-2.5.1@forwarder/gems/sinatra-contrib-2.0.1/lib/sinatra/reloader.rb:245:in `perform'
	/home/julian/.rvm/gems/ruby-2.5.1@forwarder/gems/sinatra-contrib-2.0.1/lib/sinatra/reloader.rb:236:in `block (2 levels) in registered'
	/home/julian/.rvm/gems/ruby-2.5.1@forwarder/gems/sinatra-contrib-2.0.1/lib/sinatra/reloader.rb:236:in `synchronize'
	/home/julian/.rvm/gems/ruby-2.5.1@forwarder/gems/sinatra-contrib-2.0.1/lib/sinatra/reloader.rb:236:in `block in registered'
	/home/julian/.rvm/gems/ruby-2.5.1@forwarder/gems/sinatra-2.0.1/lib/sinatra/base.rb:1634:in `call'
	/home/julian/.rvm/gems/ruby-2.5.1@forwarder/gems/sinatra-2.0.1/lib/sinatra/base.rb:1634:in `block in compile!'
	/home/julian/.rvm/gems/ruby-2.5.1@forwarder/gems/sinatra-2.0.1/lib/sinatra/base.rb:1039:in `block in process_route'
	/home/julian/.rvm/gems/ruby-2.5.1@forwarder/gems/sinatra-2.0.1/lib/sinatra/base.rb:1037:in `catch'
	/home/julian/.rvm/gems/ruby-2.5.1@forwarder/gems/sinatra-2.0.1/lib/sinatra/base.rb:1037:in `process_route'
	/home/julian/.rvm/gems/ruby-2.5.1@forwarder/gems/sinatra-2.0.1/lib/sinatra/base.rb:983:in `block in filter!'
	/home/julian/.rvm/gems/ruby-2.5.1@forwarder/gems/sinatra-2.0.1/lib/sinatra/base.rb:983:in `each'
	/home/julian/.rvm/gems/ruby-2.5.1@forwarder/gems/sinatra-2.0.1/lib/sinatra/base.rb:983:in `filter!'
	/home/julian/.rvm/gems/ruby-2.5.1@forwarder/gems/sinatra-2.0.1/lib/sinatra/base.rb:1095:in `block in dispatch!'
	/home/julian/.rvm/gems/ruby-2.5.1@forwarder/gems/sinatra-2.0.1/lib/sinatra/base.rb:1075:in `block in invoke'
	/home/julian/.rvm/gems/ruby-2.5.1@forwarder/gems/sinatra-2.0.1/lib/sinatra/base.rb:1075:in `catch'
	/home/julian/.rvm/gems/ruby-2.5.1@forwarder/gems/sinatra-2.0.1/lib/sinatra/base.rb:1075:in `invoke'
	/home/julian/.rvm/gems/ruby-2.5.1@forwarder/gems/sinatra-2.0.1/lib/sinatra/base.rb:1093:in `dispatch!'
	/home/julian/.rvm/gems/ruby-2.5.1@forwarder/gems/sinatra-2.0.1/lib/sinatra/base.rb:924:in `block in call!'
	/home/julian/.rvm/gems/ruby-2.5.1@forwarder/gems/sinatra-2.0.1/lib/sinatra/base.rb:1075:in `block in invoke'
	/home/julian/.rvm/gems/ruby-2.5.1@forwarder/gems/sinatra-2.0.1/lib/sinatra/base.rb:1075:in `catch'
	/home/julian/.rvm/gems/ruby-2.5.1@forwarder/gems/sinatra-2.0.1/lib/sinatra/base.rb:1075:in `invoke'
	/home/julian/.rvm/gems/ruby-2.5.1@forwarder/gems/sinatra-2.0.1/lib/sinatra/base.rb:924:in `call!'
	/home/julian/.rvm/gems/ruby-2.5.1@forwarder/gems/sinatra-2.0.1/lib/sinatra/base.rb:913:in `call'
	/home/julian/.rvm/gems/ruby-2.5.1@forwarder/gems/rack-2.0.4/lib/rack/common_logger.rb:33:in `call'
	/home/julian/.rvm/gems/ruby-2.5.1@forwarder/gems/sinatra-2.0.1/lib/sinatra/base.rb:231:in `call'
	/home/julian/.rvm/gems/ruby-2.5.1@forwarder/gems/rack-contrib-2.0.1/lib/rack/contrib/post_body_content_type_parser.rb:36:in `call'
	/home/julian/.rvm/gems/ruby-2.5.1@forwarder/gems/rack-protection-2.0.1/lib/rack/protection/xss_header.rb:18:in `call'
	/home/julian/.rvm/gems/ruby-2.5.1@forwarder/gems/rack-protection-2.0.1/lib/rack/protection/path_traversal.rb:16:in `call'
	/home/julian/.rvm/gems/ruby-2.5.1@forwarder/gems/rack-protection-2.0.1/lib/rack/protection/json_csrf.rb:26:in `call'
	/home/julian/.rvm/gems/ruby-2.5.1@forwarder/gems/rack-protection-2.0.1/lib/rack/protection/base.rb:50:in `call'
	/home/julian/.rvm/gems/ruby-2.5.1@forwarder/gems/rack-protection-2.0.1/lib/rack/protection/base.rb:50:in `call'
	/home/julian/.rvm/gems/ruby-2.5.1@forwarder/gems/rack-protection-2.0.1/lib/rack/protection/frame_options.rb:31:in `call'
	/home/julian/.rvm/gems/ruby-2.5.1@forwarder/gems/rack-2.0.4/lib/rack/logger.rb:15:in `call'
	/home/julian/.rvm/gems/ruby-2.5.1@forwarder/gems/rack-2.0.4/lib/rack/common_logger.rb:33:in `call'
	/home/julian/.rvm/gems/ruby-2.5.1@forwarder/gems/sinatra-2.0.1/lib/sinatra/base.rb:231:in `call'
	/home/julian/.rvm/gems/ruby-2.5.1@forwarder/gems/sinatra-2.0.1/lib/sinatra/base.rb:224:in `call'
	/home/julian/.rvm/gems/ruby-2.5.1@forwarder/gems/rack-2.0.4/lib/rack/head.rb:12:in `call'
	/home/julian/.rvm/gems/ruby-2.5.1@forwarder/gems/sinatra-2.0.1/lib/sinatra/show_exceptions.rb:22:in `call'
	/home/julian/.rvm/gems/ruby-2.5.1@forwarder/gems/sinatra-2.0.1/lib/sinatra/base.rb:194:in `call'
	/home/julian/.rvm/gems/ruby-2.5.1@forwarder/gems/sinatra-2.0.1/lib/sinatra/base.rb:1957:in `call'
	/home/julian/.rvm/gems/ruby-2.5.1@forwarder/gems/sinatra-2.0.1/lib/sinatra/base.rb:1501:in `block in call'
	/home/julian/.rvm/gems/ruby-2.5.1@forwarder/gems/sinatra-2.0.1/lib/sinatra/base.rb:1728:in `synchronize'
	/home/julian/.rvm/gems/ruby-2.5.1@forwarder/gems/sinatra-2.0.1/lib/sinatra/base.rb:1501:in `call'
	/home/julian/.rvm/gems/ruby-2.5.1@forwarder/gems/puma-3.11.2/lib/puma/configuration.rb:225:in `call'
	/home/julian/.rvm/gems/ruby-2.5.1@forwarder/gems/puma-3.11.2/lib/puma/server.rb:624:in `handle_request'
	/home/julian/.rvm/gems/ruby-2.5.1@forwarder/gems/puma-3.11.2/lib/puma/server.rb:438:in `process_client'
	/home/julian/.rvm/gems/ruby-2.5.1@forwarder/gems/puma-3.11.2/lib/puma/server.rb:302:in `block in run'
	/home/julian/.rvm/gems/ruby-2.5.1@forwarder/gems/puma-3.11.2/lib/puma/thread_pool.rb:120:in `block in spawn_thread'
2018-05-03 15:05:23.718914 [31mE[0m [2519:puma 001 logger.rb:12] [31mError[0m -- 2018-05-03 15:05:23 - ArgumentError - wrong number of arguments (given 0, expected 1):
	/home/julian/.rvm/gems/ruby-2.5.1@forwarder/gems/sinatra-logger-0.3.2/lib/sinatra/logger.rb:26:in `logger'
	/home/julian/.rvm/gems/ruby-2.5.1@forwarder/gems/sinatra-contrib-2.0.1/lib/sinatra/config_file.rb:132:in `block (3 levels) in config_file'
	/home/julian/.rvm/gems/ruby-2.5.1@forwarder/gems/sinatra-contrib-2.0.1/lib/sinatra/config_file.rb:130:in `glob'
	/home/julian/.rvm/gems/ruby-2.5.1@forwarder/gems/sinatra-contrib-2.0.1/lib/sinatra/config_file.rb:130:in `block (2 levels) in config_file'
	/home/julian/.rvm/gems/ruby-2.5.1@forwarder/gems/sinatra-contrib-2.0.1/lib/sinatra/config_file.rb:129:in `each'
	/home/julian/.rvm/gems/ruby-2.5.1@forwarder/gems/sinatra-contrib-2.0.1/lib/sinatra/config_file.rb:129:in `block in config_file'
	/home/julian/.rvm/gems/ruby-2.5.1@forwarder/gems/sinatra-contrib-2.0.1/lib/sinatra/config_file.rb:128:in `chdir'
	/home/julian/.rvm/gems/ruby-2.5.1@forwarder/gems/sinatra-contrib-2.0.1/lib/sinatra/config_file.rb:128:in `config_file'
	/home/julian/Development/forwarder/app.rb:22:in `<class:App>'
	/home/julian/Development/forwarder/app.rb:15:in `<top (required)>'
	/home/julian/.rvm/gems/ruby-2.5.1@forwarder/gems/activesupport-5.1.5/lib/active_support/dependencies.rb:292:in `require'
	/home/julian/.rvm/gems/ruby-2.5.1@forwarder/gems/activesupport-5.1.5/lib/active_support/dependencies.rb:292:in `block in require'
	/home/julian/.rvm/gems/ruby-2.5.1@forwarder/gems/activesupport-5.1.5/lib/active_support/dependencies.rb:258:in `load_dependency'
	/home/julian/.rvm/gems/ruby-2.5.1@forwarder/gems/activesupport-5.1.5/lib/active_support/dependencies.rb:292:in `require'
	/home/julian/.rvm/gems/ruby-2.5.1@forwarder/gems/sinatra-contrib-2.0.1/lib/sinatra/reloader.rb:249:in `block in perform'
	/home/julian/.rvm/gems/ruby-2.5.1@forwarder/gems/sinatra-contrib-2.0.1/lib/sinatra/reloader.rb:245:in `each'
	/home/julian/.rvm/gems/ruby-2.5.1@forwarder/gems/sinatra-contrib-2.0.1/lib/sinatra/reloader.rb:245:in `perform'
	/home/julian/.rvm/gems/ruby-2.5.1@forwarder/gems/sinatra-contrib-2.0.1/lib/sinatra/reloader.rb:236:in `block (2 levels) in registered'
	/home/julian/.rvm/gems/ruby-2.5.1@forwarder/gems/sinatra-contrib-2.0.1/lib/sinatra/reloader.rb:236:in `synchronize'
	/home/julian/.rvm/gems/ruby-2.5.1@forwarder/gems/sinatra-contrib-2.0.1/lib/sinatra/reloader.rb:236:in `block in registered'
	/home/julian/.rvm/gems/ruby-2.5.1@forwarder/gems/sinatra-2.0.1/lib/sinatra/base.rb:1634:in `call'
	/home/julian/.rvm/gems/ruby-2.5.1@forwarder/gems/sinatra-2.0.1/lib/sinatra/base.rb:1634:in `block in compile!'
	/home/julian/.rvm/gems/ruby-2.5.1@forwarder/gems/sinatra-2.0.1/lib/sinatra/base.rb:1039:in `block in process_route'
	/home/julian/.rvm/gems/ruby-2.5.1@forwarder/gems/sinatra-2.0.1/lib/sinatra/base.rb:1037:in `catch'
	/home/julian/.rvm/gems/ruby-2.5.1@forwarder/gems/sinatra-2.0.1/lib/sinatra/base.rb:1037:in `process_route'
	/home/julian/.rvm/gems/ruby-2.5.1@forwarder/gems/sinatra-2.0.1/lib/sinatra/base.rb:983:in `block in filter!'
	/home/julian/.rvm/gems/ruby-2.5.1@forwarder/gems/sinatra-2.0.1/lib/sinatra/base.rb:983:in `each'
	/home/julian/.rvm/gems/ruby-2.5.1@forwarder/gems/sinatra-2.0.1/lib/sinatra/base.rb:983:in `filter!'
	/home/julian/.rvm/gems/ruby-2.5.1@forwarder/gems/sinatra-2.0.1/lib/sinatra/base.rb:1095:in `block in dispatch!'
	/home/julian/.rvm/gems/ruby-2.5.1@forwarder/gems/sinatra-2.0.1/lib/sinatra/base.rb:1075:in `block in invoke'
	/home/julian/.rvm/gems/ruby-2.5.1@forwarder/gems/sinatra-2.0.1/lib/sinatra/base.rb:1075:in `catch'
	/home/julian/.rvm/gems/ruby-2.5.1@forwarder/gems/sinatra-2.0.1/lib/sinatra/base.rb:1075:in `invoke'
	/home/julian/.rvm/gems/ruby-2.5.1@forwarder/gems/sinatra-2.0.1/lib/sinatra/base.rb:1093:in `dispatch!'
	/home/julian/.rvm/gems/ruby-2.5.1@forwarder/gems/sinatra-2.0.1/lib/sinatra/base.rb:924:in `block in call!'
	/home/julian/.rvm/gems/ruby-2.5.1@forwarder/gems/sinatra-2.0.1/lib/sinatra/base.rb:1075:in `block in invoke'
	/home/julian/.rvm/gems/ruby-2.5.1@forwarder/gems/sinatra-2.0.1/lib/sinatra/base.rb:1075:in `catch'
	/home/julian/.rvm/gems/ruby-2.5.1@forwarder/gems/sinatra-2.0.1/lib/sinatra/base.rb:1075:in `invoke'
	/home/julian/.rvm/gems/ruby-2.5.1@forwarder/gems/sinatra-2.0.1/lib/sinatra/base.rb:924:in `call!'
	/home/julian/.rvm/gems/ruby-2.5.1@forwarder/gems/sinatra-2.0.1/lib/sinatra/base.rb:913:in `call'
	/home/julian/.rvm/gems/ruby-2.5.1@forwarder/gems/rack-2.0.4/lib/rack/common_logger.rb:33:in `call'
	/home/julian/.rvm/gems/ruby-2.5.1@forwarder/gems/sinatra-2.0.1/lib/sinatra/base.rb:231:in `call'
	/home/julian/.rvm/gems/ruby-2.5.1@forwarder/gems/rack-contrib-2.0.1/lib/rack/contrib/post_body_content_type_parser.rb:36:in `call'
	/home/julian/.rvm/gems/ruby-2.5.1@forwarder/gems/rack-protection-2.0.1/lib/rack/protection/xss_header.rb:18:in `call'
	/home/julian/.rvm/gems/ruby-2.5.1@forwarder/gems/rack-protection-2.0.1/lib/rack/protection/path_traversal.rb:16:in `call'
	/home/julian/.rvm/gems/ruby-2.5.1@forwarder/gems/rack-protection-2.0.1/lib/rack/protection/json_csrf.rb:26:in `call'
	/home/julian/.rvm/gems/ruby-2.5.1@forwarder/gems/rack-protection-2.0.1/lib/rack/protection/base.rb:50:in `call'
	/home/julian/.rvm/gems/ruby-2.5.1@forwarder/gems/rack-protection-2.0.1/lib/rack/protection/base.rb:50:in `call'
	/home/julian/.rvm/gems/ruby-2.5.1@forwarder/gems/rack-protection-2.0.1/lib/rack/protection/frame_options.rb:31:in `call'
	/home/julian/.rvm/gems/ruby-2.5.1@forwarder/gems/rack-2.0.4/lib/rack/logger.rb:15:in `call'
	/home/julian/.rvm/gems/ruby-2.5.1@forwarder/gems/rack-2.0.4/lib/rack/common_logger.rb:33:in `call'
	/home/julian/.rvm/gems/ruby-2.5.1@forwarder/gems/sinatra-2.0.1/lib/sinatra/base.rb:231:in `call'
	/home/julian/.rvm/gems/ruby-2.5.1@forwarder/gems/sinatra-2.0.1/lib/sinatra/base.rb:224:in `call'
	/home/julian/.rvm/gems/ruby-2.5.1@forwarder/gems/rack-2.0.4/lib/rack/head.rb:12:in `call'
	/home/julian/.rvm/gems/ruby-2.5.1@forwarder/gems/sinatra-2.0.1/lib/sinatra/show_exceptions.rb:22:in `call'
	/home/julian/.rvm/gems/ruby-2.5.1@forwarder/gems/sinatra-2.0.1/lib/sinatra/base.rb:194:in `call'
	/home/julian/.rvm/gems/ruby-2.5.1@forwarder/gems/sinatra-2.0.1/lib/sinatra/base.rb:1957:in `call'
	/home/julian/.rvm/gems/ruby-2.5.1@forwarder/gems/sinatra-2.0.1/lib/sinatra/base.rb:1501:in `block in call'
	/home/julian/.rvm/gems/ruby-2.5.1@forwarder/gems/sinatra-2.0.1/lib/sinatra/base.rb:1728:in `synchronize'
	/home/julian/.rvm/gems/ruby-2.5.1@forwarder/gems/sinatra-2.0.1/lib/sinatra/base.rb:1501:in `call'
	/home/julian/.rvm/gems/ruby-2.5.1@forwarder/gems/puma-3.11.2/lib/puma/configuration.rb:225:in `call'
	/home/julian/.rvm/gems/ruby-2.5.1@forwarder/gems/puma-3.11.2/lib/puma/server.rb:624:in `handle_request'
	/home/julian/.rvm/gems/ruby-2.5.1@forwarder/gems/puma-3.11.2/lib/puma/server.rb:438:in `process_client'
	/home/julian/.rvm/gems/ruby-2.5.1@forwarder/gems/puma-3.11.2/lib/puma/server.rb:302:in `block in run'
	/home/julian/.rvm/gems/ruby-2.5.1@forwarder/gems/puma-3.11.2/lib/puma/thread_pool.rb:120:in `block in spawn_thread'
2018-05-03 15:06:54.125624 [31mE[0m [2519:puma 001 logger.rb:12] [31mError[0m -- 2018-05-03 15:06:54 - ArgumentError - wrong number of arguments (given 0, expected 1):
	/home/julian/.rvm/gems/ruby-2.5.1@forwarder/gems/sinatra-logger-0.3.2/lib/sinatra/logger.rb:26:in `logger'
	/home/julian/.rvm/gems/ruby-2.5.1@forwarder/gems/sinatra-contrib-2.0.1/lib/sinatra/config_file.rb:132:in `block (3 levels) in config_file'
	/home/julian/.rvm/gems/ruby-2.5.1@forwarder/gems/sinatra-contrib-2.0.1/lib/sinatra/config_file.rb:130:in `glob'
	/home/julian/.rvm/gems/ruby-2.5.1@forwarder/gems/sinatra-contrib-2.0.1/lib/sinatra/config_file.rb:130:in `block (2 levels) in config_file'
	/home/julian/.rvm/gems/ruby-2.5.1@forwarder/gems/sinatra-contrib-2.0.1/lib/sinatra/config_file.rb:129:in `each'
	/home/julian/.rvm/gems/ruby-2.5.1@forwarder/gems/sinatra-contrib-2.0.1/lib/sinatra/config_file.rb:129:in `block in config_file'
	/home/julian/.rvm/gems/ruby-2.5.1@forwarder/gems/sinatra-contrib-2.0.1/lib/sinatra/config_file.rb:128:in `chdir'
	/home/julian/.rvm/gems/ruby-2.5.1@forwarder/gems/sinatra-contrib-2.0.1/lib/sinatra/config_file.rb:128:in `config_file'
	/home/julian/Development/forwarder/app.rb:22:in `<class:App>'
	/home/julian/Development/forwarder/app.rb:15:in `<top (required)>'
	/home/julian/.rvm/gems/ruby-2.5.1@forwarder/gems/activesupport-5.1.5/lib/active_support/dependencies.rb:292:in `require'
	/home/julian/.rvm/gems/ruby-2.5.1@forwarder/gems/activesupport-5.1.5/lib/active_support/dependencies.rb:292:in `block in require'
	/home/julian/.rvm/gems/ruby-2.5.1@forwarder/gems/activesupport-5.1.5/lib/active_support/dependencies.rb:258:in `load_dependency'
	/home/julian/.rvm/gems/ruby-2.5.1@forwarder/gems/activesupport-5.1.5/lib/active_support/dependencies.rb:292:in `require'
	/home/julian/.rvm/gems/ruby-2.5.1@forwarder/gems/sinatra-contrib-2.0.1/lib/sinatra/reloader.rb:249:in `block in perform'
	/home/julian/.rvm/gems/ruby-2.5.1@forwarder/gems/sinatra-contrib-2.0.1/lib/sinatra/reloader.rb:245:in `each'
	/home/julian/.rvm/gems/ruby-2.5.1@forwarder/gems/sinatra-contrib-2.0.1/lib/sinatra/reloader.rb:245:in `perform'
	/home/julian/.rvm/gems/ruby-2.5.1@forwarder/gems/sinatra-contrib-2.0.1/lib/sinatra/reloader.rb:236:in `block (2 levels) in registered'
	/home/julian/.rvm/gems/ruby-2.5.1@forwarder/gems/sinatra-contrib-2.0.1/lib/sinatra/reloader.rb:236:in `synchronize'
	/home/julian/.rvm/gems/ruby-2.5.1@forwarder/gems/sinatra-contrib-2.0.1/lib/sinatra/reloader.rb:236:in `block in registered'
	/home/julian/.rvm/gems/ruby-2.5.1@forwarder/gems/sinatra-2.0.1/lib/sinatra/base.rb:1634:in `call'
	/home/julian/.rvm/gems/ruby-2.5.1@forwarder/gems/sinatra-2.0.1/lib/sinatra/base.rb:1634:in `block in compile!'
	/home/julian/.rvm/gems/ruby-2.5.1@forwarder/gems/sinatra-2.0.1/lib/sinatra/base.rb:1039:in `block in process_route'
	/home/julian/.rvm/gems/ruby-2.5.1@forwarder/gems/sinatra-2.0.1/lib/sinatra/base.rb:1037:in `catch'
	/home/julian/.rvm/gems/ruby-2.5.1@forwarder/gems/sinatra-2.0.1/lib/sinatra/base.rb:1037:in `process_route'
	/home/julian/.rvm/gems/ruby-2.5.1@forwarder/gems/sinatra-2.0.1/lib/sinatra/base.rb:983:in `block in filter!'
	/home/julian/.rvm/gems/ruby-2.5.1@forwarder/gems/sinatra-2.0.1/lib/sinatra/base.rb:983:in `each'
	/home/julian/.rvm/gems/ruby-2.5.1@forwarder/gems/sinatra-2.0.1/lib/sinatra/base.rb:983:in `filter!'
	/home/julian/.rvm/gems/ruby-2.5.1@forwarder/gems/sinatra-2.0.1/lib/sinatra/base.rb:1095:in `block in dispatch!'
	/home/julian/.rvm/gems/ruby-2.5.1@forwarder/gems/sinatra-2.0.1/lib/sinatra/base.rb:1075:in `block in invoke'
	/home/julian/.rvm/gems/ruby-2.5.1@forwarder/gems/sinatra-2.0.1/lib/sinatra/base.rb:1075:in `catch'
	/home/julian/.rvm/gems/ruby-2.5.1@forwarder/gems/sinatra-2.0.1/lib/sinatra/base.rb:1075:in `invoke'
	/home/julian/.rvm/gems/ruby-2.5.1@forwarder/gems/sinatra-2.0.1/lib/sinatra/base.rb:1093:in `dispatch!'
	/home/julian/.rvm/gems/ruby-2.5.1@forwarder/gems/sinatra-2.0.1/lib/sinatra/base.rb:924:in `block in call!'
	/home/julian/.rvm/gems/ruby-2.5.1@forwarder/gems/sinatra-2.0.1/lib/sinatra/base.rb:1075:in `block in invoke'
	/home/julian/.rvm/gems/ruby-2.5.1@forwarder/gems/sinatra-2.0.1/lib/sinatra/base.rb:1075:in `catch'
	/home/julian/.rvm/gems/ruby-2.5.1@forwarder/gems/sinatra-2.0.1/lib/sinatra/base.rb:1075:in `invoke'
	/home/julian/.rvm/gems/ruby-2.5.1@forwarder/gems/sinatra-2.0.1/lib/sinatra/base.rb:924:in `call!'
	/home/julian/.rvm/gems/ruby-2.5.1@forwarder/gems/sinatra-2.0.1/lib/sinatra/base.rb:913:in `call'
	/home/julian/.rvm/gems/ruby-2.5.1@forwarder/gems/rack-2.0.4/lib/rack/common_logger.rb:33:in `call'
	/home/julian/.rvm/gems/ruby-2.5.1@forwarder/gems/sinatra-2.0.1/lib/sinatra/base.rb:231:in `call'
	/home/julian/.rvm/gems/ruby-2.5.1@forwarder/gems/rack-contrib-2.0.1/lib/rack/contrib/post_body_content_type_parser.rb:36:in `call'
	/home/julian/.rvm/gems/ruby-2.5.1@forwarder/gems/rack-protection-2.0.1/lib/rack/protection/xss_header.rb:18:in `call'
	/home/julian/.rvm/gems/ruby-2.5.1@forwarder/gems/rack-protection-2.0.1/lib/rack/protection/path_traversal.rb:16:in `call'
	/home/julian/.rvm/gems/ruby-2.5.1@forwarder/gems/rack-protection-2.0.1/lib/rack/protection/json_csrf.rb:26:in `call'
	/home/julian/.rvm/gems/ruby-2.5.1@forwarder/gems/rack-protection-2.0.1/lib/rack/protection/base.rb:50:in `call'
	/home/julian/.rvm/gems/ruby-2.5.1@forwarder/gems/rack-protection-2.0.1/lib/rack/protection/base.rb:50:in `call'
	/home/julian/.rvm/gems/ruby-2.5.1@forwarder/gems/rack-protection-2.0.1/lib/rack/protection/frame_options.rb:31:in `call'
	/home/julian/.rvm/gems/ruby-2.5.1@forwarder/gems/rack-2.0.4/lib/rack/logger.rb:15:in `call'
	/home/julian/.rvm/gems/ruby-2.5.1@forwarder/gems/rack-2.0.4/lib/rack/common_logger.rb:33:in `call'
	/home/julian/.rvm/gems/ruby-2.5.1@forwarder/gems/sinatra-2.0.1/lib/sinatra/base.rb:231:in `call'
	/home/julian/.rvm/gems/ruby-2.5.1@forwarder/gems/sinatra-2.0.1/lib/sinatra/base.rb:224:in `call'
	/home/julian/.rvm/gems/ruby-2.5.1@forwarder/gems/rack-2.0.4/lib/rack/head.rb:12:in `call'
	/home/julian/.rvm/gems/ruby-2.5.1@forwarder/gems/sinatra-2.0.1/lib/sinatra/show_exceptions.rb:22:in `call'
	/home/julian/.rvm/gems/ruby-2.5.1@forwarder/gems/sinatra-2.0.1/lib/sinatra/base.rb:194:in `call'
	/home/julian/.rvm/gems/ruby-2.5.1@forwarder/gems/sinatra-2.0.1/lib/sinatra/base.rb:1957:in `call'
	/home/julian/.rvm/gems/ruby-2.5.1@forwarder/gems/sinatra-2.0.1/lib/sinatra/base.rb:1501:in `block in call'
	/home/julian/.rvm/gems/ruby-2.5.1@forwarder/gems/sinatra-2.0.1/lib/sinatra/base.rb:1728:in `synchronize'
	/home/julian/.rvm/gems/ruby-2.5.1@forwarder/gems/sinatra-2.0.1/lib/sinatra/base.rb:1501:in `call'
	/home/julian/.rvm/gems/ruby-2.5.1@forwarder/gems/puma-3.11.2/lib/puma/configuration.rb:225:in `call'
	/home/julian/.rvm/gems/ruby-2.5.1@forwarder/gems/puma-3.11.2/lib/puma/server.rb:624:in `handle_request'
	/home/julian/.rvm/gems/ruby-2.5.1@forwarder/gems/puma-3.11.2/lib/puma/server.rb:438:in `process_client'
	/home/julian/.rvm/gems/ruby-2.5.1@forwarder/gems/puma-3.11.2/lib/puma/server.rb:302:in `block in run'
	/home/julian/.rvm/gems/ruby-2.5.1@forwarder/gems/puma-3.11.2/lib/puma/thread_pool.rb:120:in `block in spawn_thread'
2018-05-03 15:06:55.264866 [31mE[0m [2519:puma 001 logger.rb:12] [31mError[0m -- 2018-05-03 15:06:55 - ArgumentError - wrong number of arguments (given 0, expected 1):
	/home/julian/.rvm/gems/ruby-2.5.1@forwarder/gems/sinatra-logger-0.3.2/lib/sinatra/logger.rb:26:in `logger'
	/home/julian/.rvm/gems/ruby-2.5.1@forwarder/gems/sinatra-contrib-2.0.1/lib/sinatra/config_file.rb:132:in `block (3 levels) in config_file'
	/home/julian/.rvm/gems/ruby-2.5.1@forwarder/gems/sinatra-contrib-2.0.1/lib/sinatra/config_file.rb:130:in `glob'
	/home/julian/.rvm/gems/ruby-2.5.1@forwarder/gems/sinatra-contrib-2.0.1/lib/sinatra/config_file.rb:130:in `block (2 levels) in config_file'
	/home/julian/.rvm/gems/ruby-2.5.1@forwarder/gems/sinatra-contrib-2.0.1/lib/sinatra/config_file.rb:129:in `each'
	/home/julian/.rvm/gems/ruby-2.5.1@forwarder/gems/sinatra-contrib-2.0.1/lib/sinatra/config_file.rb:129:in `block in config_file'
	/home/julian/.rvm/gems/ruby-2.5.1@forwarder/gems/sinatra-contrib-2.0.1/lib/sinatra/config_file.rb:128:in `chdir'
	/home/julian/.rvm/gems/ruby-2.5.1@forwarder/gems/sinatra-contrib-2.0.1/lib/sinatra/config_file.rb:128:in `config_file'
	/home/julian/Development/forwarder/app.rb:22:in `<class:App>'
	/home/julian/Development/forwarder/app.rb:15:in `<top (required)>'
	/home/julian/.rvm/gems/ruby-2.5.1@forwarder/gems/activesupport-5.1.5/lib/active_support/dependencies.rb:292:in `require'
	/home/julian/.rvm/gems/ruby-2.5.1@forwarder/gems/activesupport-5.1.5/lib/active_support/dependencies.rb:292:in `block in require'
	/home/julian/.rvm/gems/ruby-2.5.1@forwarder/gems/activesupport-5.1.5/lib/active_support/dependencies.rb:258:in `load_dependency'
	/home/julian/.rvm/gems/ruby-2.5.1@forwarder/gems/activesupport-5.1.5/lib/active_support/dependencies.rb:292:in `require'
	/home/julian/.rvm/gems/ruby-2.5.1@forwarder/gems/sinatra-contrib-2.0.1/lib/sinatra/reloader.rb:249:in `block in perform'
	/home/julian/.rvm/gems/ruby-2.5.1@forwarder/gems/sinatra-contrib-2.0.1/lib/sinatra/reloader.rb:245:in `each'
	/home/julian/.rvm/gems/ruby-2.5.1@forwarder/gems/sinatra-contrib-2.0.1/lib/sinatra/reloader.rb:245:in `perform'
	/home/julian/.rvm/gems/ruby-2.5.1@forwarder/gems/sinatra-contrib-2.0.1/lib/sinatra/reloader.rb:236:in `block (2 levels) in registered'
	/home/julian/.rvm/gems/ruby-2.5.1@forwarder/gems/sinatra-contrib-2.0.1/lib/sinatra/reloader.rb:236:in `synchronize'
	/home/julian/.rvm/gems/ruby-2.5.1@forwarder/gems/sinatra-contrib-2.0.1/lib/sinatra/reloader.rb:236:in `block in registered'
	/home/julian/.rvm/gems/ruby-2.5.1@forwarder/gems/sinatra-2.0.1/lib/sinatra/base.rb:1634:in `call'
	/home/julian/.rvm/gems/ruby-2.5.1@forwarder/gems/sinatra-2.0.1/lib/sinatra/base.rb:1634:in `block in compile!'
	/home/julian/.rvm/gems/ruby-2.5.1@forwarder/gems/sinatra-2.0.1/lib/sinatra/base.rb:1039:in `block in process_route'
	/home/julian/.rvm/gems/ruby-2.5.1@forwarder/gems/sinatra-2.0.1/lib/sinatra/base.rb:1037:in `catch'
	/home/julian/.rvm/gems/ruby-2.5.1@forwarder/gems/sinatra-2.0.1/lib/sinatra/base.rb:1037:in `process_route'
	/home/julian/.rvm/gems/ruby-2.5.1@forwarder/gems/sinatra-2.0.1/lib/sinatra/base.rb:983:in `block in filter!'
	/home/julian/.rvm/gems/ruby-2.5.1@forwarder/gems/sinatra-2.0.1/lib/sinatra/base.rb:983:in `each'
	/home/julian/.rvm/gems/ruby-2.5.1@forwarder/gems/sinatra-2.0.1/lib/sinatra/base.rb:983:in `filter!'
	/home/julian/.rvm/gems/ruby-2.5.1@forwarder/gems/sinatra-2.0.1/lib/sinatra/base.rb:1095:in `block in dispatch!'
	/home/julian/.rvm/gems/ruby-2.5.1@forwarder/gems/sinatra-2.0.1/lib/sinatra/base.rb:1075:in `block in invoke'
	/home/julian/.rvm/gems/ruby-2.5.1@forwarder/gems/sinatra-2.0.1/lib/sinatra/base.rb:1075:in `catch'
	/home/julian/.rvm/gems/ruby-2.5.1@forwarder/gems/sinatra-2.0.1/lib/sinatra/base.rb:1075:in `invoke'
	/home/julian/.rvm/gems/ruby-2.5.1@forwarder/gems/sinatra-2.0.1/lib/sinatra/base.rb:1093:in `dispatch!'
	/home/julian/.rvm/gems/ruby-2.5.1@forwarder/gems/sinatra-2.0.1/lib/sinatra/base.rb:924:in `block in call!'
	/home/julian/.rvm/gems/ruby-2.5.1@forwarder/gems/sinatra-2.0.1/lib/sinatra/base.rb:1075:in `block in invoke'
	/home/julian/.rvm/gems/ruby-2.5.1@forwarder/gems/sinatra-2.0.1/lib/sinatra/base.rb:1075:in `catch'
	/home/julian/.rvm/gems/ruby-2.5.1@forwarder/gems/sinatra-2.0.1/lib/sinatra/base.rb:1075:in `invoke'
	/home/julian/.rvm/gems/ruby-2.5.1@forwarder/gems/sinatra-2.0.1/lib/sinatra/base.rb:924:in `call!'
	/home/julian/.rvm/gems/ruby-2.5.1@forwarder/gems/sinatra-2.0.1/lib/sinatra/base.rb:913:in `call'
	/home/julian/.rvm/gems/ruby-2.5.1@forwarder/gems/rack-2.0.4/lib/rack/common_logger.rb:33:in `call'
	/home/julian/.rvm/gems/ruby-2.5.1@forwarder/gems/sinatra-2.0.1/lib/sinatra/base.rb:231:in `call'
	/home/julian/.rvm/gems/ruby-2.5.1@forwarder/gems/rack-contrib-2.0.1/lib/rack/contrib/post_body_content_type_parser.rb:36:in `call'
	/home/julian/.rvm/gems/ruby-2.5.1@forwarder/gems/rack-protection-2.0.1/lib/rack/protection/xss_header.rb:18:in `call'
	/home/julian/.rvm/gems/ruby-2.5.1@forwarder/gems/rack-protection-2.0.1/lib/rack/protection/path_traversal.rb:16:in `call'
	/home/julian/.rvm/gems/ruby-2.5.1@forwarder/gems/rack-protection-2.0.1/lib/rack/protection/json_csrf.rb:26:in `call'
	/home/julian/.rvm/gems/ruby-2.5.1@forwarder/gems/rack-protection-2.0.1/lib/rack/protection/base.rb:50:in `call'
	/home/julian/.rvm/gems/ruby-2.5.1@forwarder/gems/rack-protection-2.0.1/lib/rack/protection/base.rb:50:in `call'
	/home/julian/.rvm/gems/ruby-2.5.1@forwarder/gems/rack-protection-2.0.1/lib/rack/protection/frame_options.rb:31:in `call'
	/home/julian/.rvm/gems/ruby-2.5.1@forwarder/gems/rack-2.0.4/lib/rack/logger.rb:15:in `call'
	/home/julian/.rvm/gems/ruby-2.5.1@forwarder/gems/rack-2.0.4/lib/rack/common_logger.rb:33:in `call'
	/home/julian/.rvm/gems/ruby-2.5.1@forwarder/gems/sinatra-2.0.1/lib/sinatra/base.rb:231:in `call'
	/home/julian/.rvm/gems/ruby-2.5.1@forwarder/gems/sinatra-2.0.1/lib/sinatra/base.rb:224:in `call'
	/home/julian/.rvm/gems/ruby-2.5.1@forwarder/gems/rack-2.0.4/lib/rack/head.rb:12:in `call'
	/home/julian/.rvm/gems/ruby-2.5.1@forwarder/gems/sinatra-2.0.1/lib/sinatra/show_exceptions.rb:22:in `call'
	/home/julian/.rvm/gems/ruby-2.5.1@forwarder/gems/sinatra-2.0.1/lib/sinatra/base.rb:194:in `call'
	/home/julian/.rvm/gems/ruby-2.5.1@forwarder/gems/sinatra-2.0.1/lib/sinatra/base.rb:1957:in `call'
	/home/julian/.rvm/gems/ruby-2.5.1@forwarder/gems/sinatra-2.0.1/lib/sinatra/base.rb:1501:in `block in call'
	/home/julian/.rvm/gems/ruby-2.5.1@forwarder/gems/sinatra-2.0.1/lib/sinatra/base.rb:1728:in `synchronize'
	/home/julian/.rvm/gems/ruby-2.5.1@forwarder/gems/sinatra-2.0.1/lib/sinatra/base.rb:1501:in `call'
	/home/julian/.rvm/gems/ruby-2.5.1@forwarder/gems/puma-3.11.2/lib/puma/configuration.rb:225:in `call'
	/home/julian/.rvm/gems/ruby-2.5.1@forwarder/gems/puma-3.11.2/lib/puma/server.rb:624:in `handle_request'
	/home/julian/.rvm/gems/ruby-2.5.1@forwarder/gems/puma-3.11.2/lib/puma/server.rb:438:in `process_client'
	/home/julian/.rvm/gems/ruby-2.5.1@forwarder/gems/puma-3.11.2/lib/puma/server.rb:302:in `block in run'
	/home/julian/.rvm/gems/ruby-2.5.1@forwarder/gems/puma-3.11.2/lib/puma/thread_pool.rb:120:in `block in spawn_thread'
2018-05-03 19:22:52.614884 [36mI[0m [10788:puma 001] [36mAccess[0m -- ::1 - - [03/May/2018:19:22:52 +0200] "GET / HTTP/1.1" 200 12 0.0253

2018-05-03 19:23:09.797737 [36mI[0m [10788:puma 001] [36mAccess[0m -- ::1 - - [03/May/2018:19:23:09 +0200] "GET / HTTP/1.1" 200 12 0.0032

